<?xml version="1.0" encoding="UTF-8"?>
<testng-results skipped="0" failed="1" total="2" passed="1">
  <reporter-output>
  </reporter-output>
  <suite name="Default suite" duration-ms="51" started-at="2019-01-27T17:27:56Z" finished-at="2019-01-27T17:27:56Z">
    <groups>
    </groups>
    <test name="Default test" duration-ms="51" started-at="2019-01-27T17:27:56Z" finished-at="2019-01-27T17:27:56Z">
      <class name="com.pramod.testNGSample.TestNGExample">
        <test-method status="FAIL" signature="validateSum()[pri:1, instance:com.pramod.testNGSample.TestNGExample@6d78f375]" name="validateSum" duration-ms="19" started-at="2019-01-27T18:27:56Z" finished-at="2019-01-27T18:27:56Z">
          <exception class="java.lang.AssertionError">
            <message>
              <![CDATA[expected [16] but found [15]]]>
            </message>
            <full-stacktrace>
              <![CDATA[java.lang.AssertionError: expected [16] but found [15]
	at org.testng.Assert.fail(Assert.java:94)
	at org.testng.Assert.failNotEquals(Assert.java:513)
	at org.testng.Assert.assertEqualsImpl(Assert.java:135)
	at org.testng.Assert.assertEquals(Assert.java:116)
	at org.testng.Assert.assertEquals(Assert.java:389)
	at org.testng.Assert.assertEquals(Assert.java:399)
	at com.pramod.testNGSample.TestNGExample.validateSum(TestNGExample.java:25)
	at sun.reflect.NativeMethodAccessorImpl.invoke0(Native Method)
	at sun.reflect.NativeMethodAccessorImpl.invoke(Unknown Source)
	at sun.reflect.DelegatingMethodAccessorImpl.invoke(Unknown Source)
	at java.lang.reflect.Method.invoke(Unknown Source)
	at org.testng.internal.MethodInvocationHelper.invokeMethod(MethodInvocationHelper.java:86)
	at org.testng.internal.Invoker.invokeMethod(Invoker.java:646)
	at org.testng.internal.Invoker.invokeTestMethod(Invoker.java:823)
	at org.testng.internal.Invoker.invokeTestMethods(Invoker.java:1131)
	at org.testng.internal.TestMethodWorker.invokeTestMethods(TestMethodWorker.java:129)
	at org.testng.internal.TestMethodWorker.run(TestMethodWorker.java:112)
	at org.testng.TestRunner.privateRun(TestRunner.java:778)
	at org.testng.TestRunner.run(TestRunner.java:632)
	at org.testng.SuiteRunner.runTest(SuiteRunner.java:366)
	at org.testng.SuiteRunner.runSequentially(SuiteRunner.java:361)
	at org.testng.SuiteRunner.privateRun(SuiteRunner.java:319)
	at org.testng.SuiteRunner.run(SuiteRunner.java:268)
	at org.testng.SuiteRunnerWorker.runSuite(SuiteRunnerWorker.java:52)
	at org.testng.SuiteRunnerWorker.run(SuiteRunnerWorker.java:86)
	at org.testng.TestNG.runSuitesSequentially(TestNG.java:1225)
	at org.testng.TestNG.runSuitesLocally(TestNG.java:1150)
	at org.testng.TestNG.runSuites(TestNG.java:1075)
	at org.testng.TestNG.run(TestNG.java:1047)
	at org.testng.remote.AbstractRemoteTestNG.run(AbstractRemoteTestNG.java:126)
	at org.testng.remote.RemoteTestNG.initAndRun(RemoteTestNG.java:137)
	at org.testng.remote.RemoteTestNG.main(RemoteTestNG.java:58)
]]>
            </full-stacktrace>
          </exception> <!-- java.lang.AssertionError -->
          <reporter-output>
          </reporter-output>
        </test-method> <!-- validateSum -->
        <test-method status="PASS" signature="tearDown(org.testng.ITestResult)[pri:0, instance:com.pramod.testNGSample.TestNGExample@6d78f375]" name="tearDown" is-config="true" duration-ms="2" started-at="2019-01-27T18:27:56Z" finished-at="2019-01-27T18:27:56Z">
          <params>
            <param index="0">
              <value>
                <![CDATA[[TestResult name=validateSum status=FAILURE method=TestNGExample.validateSum()[pri:1, instance:com.pramod.testNGSample.TestNGExample@6d78f375] output={null}]]]>
              </value>
            </param>
          </params>
          <reporter-output>
          </reporter-output>
        </test-method> <!-- tearDown -->
        <test-method status="PASS" signature="validateDifference()[pri:2, instance:com.pramod.testNGSample.TestNGExample@6d78f375]" name="validateDifference" duration-ms="2" started-at="2019-01-27T18:27:56Z" finished-at="2019-01-27T18:27:56Z">
          <reporter-output>
          </reporter-output>
        </test-method> <!-- validateDifference -->
        <test-method status="PASS" signature="tearDown(org.testng.ITestResult)[pri:0, instance:com.pramod.testNGSample.TestNGExample@6d78f375]" name="tearDown" is-config="true" duration-ms="1" started-at="2019-01-27T18:27:56Z" finished-at="2019-01-27T18:27:56Z">
          <params>
            <param index="0">
              <value>
                <![CDATA[[TestResult name=validateDifference status=SUCCESS method=TestNGExample.validateDifference()[pri:2, instance:com.pramod.testNGSample.TestNGExample@6d78f375] output={null}]]]>
              </value>
            </param>
          </params>
          <reporter-output>
          </reporter-output>
        </test-method> <!-- tearDown -->
      </class> <!-- com.pramod.testNGSample.TestNGExample -->
    </test> <!-- Default test -->
  </suite> <!-- Default suite -->
</testng-results>
